\BOOKMARK [0][-]{bm:Title.0}{Title Page}{}% 1
\BOOKMARK [0][-]{bm:Abstract.0}{Abstract}{}% 2
\BOOKMARK [0][-]{section*.1}{Table of Contents}{}% 3
\BOOKMARK [0][-]{section*.3}{List of Figures}{}% 4
\BOOKMARK [0][-]{chapter.1}{1 Introduction}{}% 5
\BOOKMARK [1][-]{section.1.1}{1.1 Qualitative Description}{chapter.1}% 6
\BOOKMARK [1][-]{section.1.2}{1.2 }{chapter.1}% 7
\BOOKMARK [1][-]{section.1.3}{1.3 }{chapter.1}% 8
\BOOKMARK [1][-]{section.1.4}{1.4 }{chapter.1}% 9
\BOOKMARK [1][-]{section.1.5}{1.5 }{chapter.1}% 10
\BOOKMARK [1][-]{section.1.6}{1.6 }{chapter.1}% 11
\BOOKMARK [1][-]{section.1.7}{1.7 }{chapter.1}% 12
\BOOKMARK [0][-]{chapter.2}{2 Computational Model and Theory}{}% 13
\BOOKMARK [1][-]{section.2.1}{2.1 }{chapter.2}% 14
\BOOKMARK [1][-]{section.2.2}{2.2 }{chapter.2}% 15
\BOOKMARK [1][-]{section.2.3}{2.3 Spin Hamiltonians and Defect-State Contributions}{chapter.2}% 16
\BOOKMARK [1][-]{section.2.4}{2.4 }{chapter.2}% 17
\BOOKMARK [1][-]{section.2.5}{2.5 }{chapter.2}% 18
\BOOKMARK [0][-]{chapter.3}{3 Experimental Methods}{}% 19
\BOOKMARK [1][-]{section.3.1}{3.1 }{chapter.3}% 20
\BOOKMARK [1][-]{section.3.2}{3.2 }{chapter.3}% 21
\BOOKMARK [1][-]{section.3.3}{3.3 Experiment Background}{chapter.3}% 22
\BOOKMARK [1][-]{section.3.4}{3.4 }{chapter.3}% 23
\BOOKMARK [0][-]{chapter.4}{4 Results}{}% 24
\BOOKMARK [1][-]{section.4.1}{4.1 Computational Predictions}{chapter.4}% 25
\BOOKMARK [1][-]{section.4.2}{4.2 Experimental Results}{chapter.4}% 26
\BOOKMARK [1][-]{section.4.3}{4.3 }{chapter.4}% 27
\BOOKMARK [1][-]{section.4.4}{4.4 }{chapter.4}% 28
\BOOKMARK [0][-]{Appendix.a.A}{Appendix A Electron Spin Studies of Electron Irradiated SiC}{}% 29
\BOOKMARK [0][-]{Appendix.a.B}{Appendix B Optical Studies of Cadmium Telluride}{}% 30
\BOOKMARK [0][-]{Appendix.a.C}{Appendix C Electron Spin Coherence of Silicon Vacancies in Proton-Irradiated 4H-SiC}{}% 31
